# Logfile created on 2014-01-14 12:00:05 +0800 by logger.rb/36483
I, [2014-01-14T12:00:05.862895 #636]  INFO -- : 0:  rake (10.1.1) from /Users/stephanie/.rbenv/versions/2.0.0-p247/lib/ruby/gems/2.0.0/specifications/rake-10.1.1.gemspec
I, [2014-01-14T12:00:05.863425 #636]  INFO -- : 0:  i18n (0.6.9) from /Users/stephanie/.rbenv/versions/2.0.0-p247/lib/ruby/gems/2.0.0/specifications/i18n-0.6.9.gemspec
I, [2014-01-14T12:00:05.863841 #636]  INFO -- : 0:  minitest (4.7.5) from /Users/stephanie/.rbenv/versions/2.0.0-p247/lib/ruby/gems/2.0.0/specifications/minitest-4.7.5.gemspec
I, [2014-01-14T12:00:08.484477 #636]  INFO -- : 0:  multi_json (1.8.4) from /Users/stephanie/.rbenv/versions/2.0.0-p247/lib/ruby/gems/2.0.0/specifications/multi_json-1.8.4.gemspec
I, [2014-01-14T12:00:08.484935 #636]  INFO -- : 0:  atomic (1.1.14) from /Users/stephanie/.rbenv/versions/2.0.0-p247/lib/ruby/gems/2.0.0/specifications/atomic-1.1.14.gemspec
I, [2014-01-14T12:00:08.485250 #636]  INFO -- : 0:  thread_safe (0.1.3) from /Users/stephanie/.rbenv/versions/2.0.0-p247/lib/ruby/gems/2.0.0/specifications/thread_safe-0.1.3.gemspec
I, [2014-01-14T12:00:08.485554 #636]  INFO -- : 0:  tzinfo (0.3.38) from /Users/stephanie/.rbenv/versions/2.0.0-p247/lib/ruby/gems/2.0.0/specifications/tzinfo-0.3.38.gemspec
I, [2014-01-14T12:00:08.485851 #636]  INFO -- : 0:  activesupport (4.0.0) from /Users/stephanie/.rbenv/versions/2.0.0-p247/lib/ruby/gems/2.0.0/specifications/activesupport-4.0.0.gemspec
I, [2014-01-14T12:00:08.486143 #636]  INFO -- : 0:  builder (3.1.4) from /Users/stephanie/.rbenv/versions/2.0.0-p247/lib/ruby/gems/2.0.0/specifications/builder-3.1.4.gemspec
I, [2014-01-14T12:00:08.486438 #636]  INFO -- : 0:  erubis (2.7.0) from /Users/stephanie/.rbenv/versions/2.0.0-p247/lib/ruby/gems/2.0.0/specifications/erubis-2.7.0.gemspec
I, [2014-01-14T12:00:08.486732 #636]  INFO -- : 0:  rack (1.5.2) from /Users/stephanie/.rbenv/versions/2.0.0-p247/lib/ruby/gems/2.0.0/specifications/rack-1.5.2.gemspec
I, [2014-01-14T12:00:08.487023 #636]  INFO -- : 0:  rack-test (0.6.2) from /Users/stephanie/.rbenv/versions/2.0.0-p247/lib/ruby/gems/2.0.0/specifications/rack-test-0.6.2.gemspec
I, [2014-01-14T12:00:08.487318 #636]  INFO -- : 0:  actionpack (4.0.0) from /Users/stephanie/.rbenv/versions/2.0.0-p247/lib/ruby/gems/2.0.0/specifications/actionpack-4.0.0.gemspec
I, [2014-01-14T12:00:08.487657 #636]  INFO -- : 0:  mime-types (1.25.1) from /Users/stephanie/.rbenv/versions/2.0.0-p247/lib/ruby/gems/2.0.0/specifications/mime-types-1.25.1.gemspec
I, [2014-01-14T12:00:08.487970 #636]  INFO -- : 0:  polyglot (0.3.3) from /Users/stephanie/.rbenv/versions/2.0.0-p247/lib/ruby/gems/2.0.0/specifications/polyglot-0.3.3.gemspec
I, [2014-01-14T12:00:08.488265 #636]  INFO -- : 0:  treetop (1.4.15) from /Users/stephanie/.rbenv/versions/2.0.0-p247/lib/ruby/gems/2.0.0/specifications/treetop-1.4.15.gemspec
I, [2014-01-14T12:00:08.488552 #636]  INFO -- : 0:  mail (2.5.4) from /Users/stephanie/.rbenv/versions/2.0.0-p247/lib/ruby/gems/2.0.0/specifications/mail-2.5.4.gemspec
I, [2014-01-14T12:00:08.488837 #636]  INFO -- : 0:  actionmailer (4.0.0) from /Users/stephanie/.rbenv/versions/2.0.0-p247/lib/ruby/gems/2.0.0/specifications/actionmailer-4.0.0.gemspec
I, [2014-01-14T12:00:08.489124 #636]  INFO -- : 0:  activemodel (4.0.0) from /Users/stephanie/.rbenv/versions/2.0.0-p247/lib/ruby/gems/2.0.0/specifications/activemodel-4.0.0.gemspec
I, [2014-01-14T12:00:08.489468 #636]  INFO -- : 0:  activerecord-deprecated_finders (1.0.3) from /Users/stephanie/.rbenv/versions/2.0.0-p247/lib/ruby/gems/2.0.0/specifications/activerecord-deprecated_finders-1.0.3.gemspec
I, [2014-01-14T12:00:08.489755 #636]  INFO -- : 0:  arel (4.0.1) from /Users/stephanie/.rbenv/versions/2.0.0-p247/lib/ruby/gems/2.0.0/specifications/arel-4.0.1.gemspec
I, [2014-01-14T12:00:08.490238 #636]  INFO -- : 0:  activerecord (4.0.0) from /Users/stephanie/.rbenv/versions/2.0.0-p247/lib/ruby/gems/2.0.0/specifications/activerecord-4.0.0.gemspec
I, [2014-01-14T12:00:08.490621 #636]  INFO -- : 0:  coffee-script-source (1.6.3) from /Users/stephanie/.rbenv/versions/2.0.0-p247/lib/ruby/gems/2.0.0/specifications/coffee-script-source-1.6.3.gemspec
I, [2014-01-14T12:00:08.490995 #636]  INFO -- : 0:  execjs (2.0.2) from /Users/stephanie/.rbenv/versions/2.0.0-p247/lib/ruby/gems/2.0.0/specifications/execjs-2.0.2.gemspec
I, [2014-01-14T12:00:08.491507 #636]  INFO -- : 0:  coffee-script (2.2.0) from /Users/stephanie/.rbenv/versions/2.0.0-p247/lib/ruby/gems/2.0.0/specifications/coffee-script-2.2.0.gemspec
I, [2014-01-14T12:00:08.491846 #636]  INFO -- : 0:  thor (0.18.1) from /Users/stephanie/.rbenv/versions/2.0.0-p247/lib/ruby/gems/2.0.0/specifications/thor-0.18.1.gemspec
I, [2014-01-14T12:00:08.492218 #636]  INFO -- : 0:  railties (4.0.0) from /Users/stephanie/.rbenv/versions/2.0.0-p247/lib/ruby/gems/2.0.0/specifications/railties-4.0.0.gemspec
I, [2014-01-14T12:00:08.492563 #636]  INFO -- : 0:  coffee-rails (4.0.1) from /Users/stephanie/.rbenv/versions/2.0.0-p247/lib/ruby/gems/2.0.0/specifications/coffee-rails-4.0.1.gemspec
I, [2014-01-14T12:00:08.492951 #636]  INFO -- : 0:  hike (1.2.3) from /Users/stephanie/.rbenv/versions/2.0.0-p247/lib/ruby/gems/2.0.0/specifications/hike-1.2.3.gemspec
I, [2014-01-14T12:00:08.493274 #636]  INFO -- : 0:  jbuilder (1.5.3) from /Users/stephanie/.rbenv/versions/2.0.0-p247/lib/ruby/gems/2.0.0/specifications/jbuilder-1.5.3.gemspec
I, [2014-01-14T12:00:08.493594 #636]  INFO -- : 0:  jquery-rails (3.0.4) from /Users/stephanie/.rbenv/versions/2.0.0-p247/lib/ruby/gems/2.0.0/specifications/jquery-rails-3.0.4.gemspec
I, [2014-01-14T12:00:08.493925 #636]  INFO -- : 0:  json (1.8.1) from /Users/stephanie/.rbenv/versions/2.0.0-p247/lib/ruby/gems/2.0.0/specifications/json-1.8.1.gemspec
I, [2014-01-14T12:00:08.494222 #636]  INFO -- : 0:  bundler (1.5.1) from /Users/stephanie/.rbenv/versions/2.0.0-p247/lib/ruby/gems/2.0.0/specifications/bundler-1.5.1.gemspec
I, [2014-01-14T12:00:08.494571 #636]  INFO -- : 0:  tilt (1.4.1) from /Users/stephanie/.rbenv/versions/2.0.0-p247/lib/ruby/gems/2.0.0/specifications/tilt-1.4.1.gemspec
I, [2014-01-14T12:00:08.494924 #636]  INFO -- : 0:  sprockets (2.10.1) from /Users/stephanie/.rbenv/versions/2.0.0-p247/lib/ruby/gems/2.0.0/specifications/sprockets-2.10.1.gemspec
I, [2014-01-14T12:00:08.495265 #636]  INFO -- : 0:  sprockets-rails (2.0.1) from /Users/stephanie/.rbenv/versions/2.0.0-p247/lib/ruby/gems/2.0.0/specifications/sprockets-rails-2.0.1.gemspec
I, [2014-01-14T12:00:08.495602 #636]  INFO -- : 0:  rails (4.0.0) from /Users/stephanie/.rbenv/versions/2.0.0-p247/lib/ruby/gems/2.0.0/specifications/rails-4.0.0.gemspec
I, [2014-01-14T12:00:11.998616 #636]  INFO -- : 0:  rdoc (4.1.1) from /Users/stephanie/.rbenv/versions/2.0.0-p247/lib/ruby/gems/2.0.0/specifications/rdoc-4.1.1.gemspec
I, [2014-01-14T12:00:11.999603 #636]  INFO -- : 0:  sass (3.2.13) from /Users/stephanie/.rbenv/versions/2.0.0-p247/lib/ruby/gems/2.0.0/specifications/sass-3.2.13.gemspec
I, [2014-01-14T12:00:12.000176 #636]  INFO -- : 0:  sass-rails (4.0.1) from /Users/stephanie/.rbenv/versions/2.0.0-p247/lib/ruby/gems/2.0.0/specifications/sass-rails-4.0.1.gemspec
I, [2014-01-14T12:00:17.252028 #636]  INFO -- : 0:  sdoc (0.4.0) from /Users/stephanie/.rbenv/versions/2.0.0-p247/lib/ruby/gems/2.0.0/specifications/sdoc-0.4.0.gemspec
I, [2014-01-14T12:00:17.252751 #636]  INFO -- : 0:  sqlite3 (1.3.8) from /Users/stephanie/.rbenv/versions/2.0.0-p247/lib/ruby/gems/2.0.0/specifications/sqlite3-1.3.8.gemspec
I, [2014-01-14T12:00:17.253111 #636]  INFO -- : 0:  uglifier (2.4.0) from /Users/stephanie/.rbenv/versions/2.0.0-p247/lib/ruby/gems/2.0.0/specifications/uglifier-2.4.0.gemspec
